2024/01/30 09:48:31 [notice] 1#1: using the "epoll" event method
2024/01/30 09:48:31 [notice] 1#1: nginx/1.25.3
2024/01/30 09:48:31 [notice] 1#1: built by gcc 12.2.1 20220924 (Alpine 12.2.1_git20220924-r10) 
2024/01/30 09:48:31 [notice] 1#1: OS: Linux 4.18.0-513.11.1.el8_9.x86_64
2024/01/30 09:48:31 [notice] 1#1: getrlimit(RLIMIT_NOFILE): 1048576:1048576
2024/01/30 09:48:31 [notice] 1#1: start worker processes
2024/01/30 09:48:31 [notice] 1#1: start worker process 29
2024/01/30 09:48:31 [notice] 1#1: start worker process 30
2024/01/30 09:48:50 [notice] 1#1: signal 3 (SIGQUIT) received, shutting down
2024/01/30 09:48:50 [notice] 30#30: gracefully shutting down
2024/01/30 09:48:50 [notice] 30#30: exiting
2024/01/30 09:48:50 [notice] 30#30: exit
2024/01/30 09:48:50 [notice] 29#29: gracefully shutting down
2024/01/30 09:48:50 [notice] 29#29: exiting
2024/01/30 09:48:50 [notice] 29#29: exit
2024/01/30 09:48:50 [notice] 1#1: signal 17 (SIGCHLD) received from 30
2024/01/30 09:48:50 [notice] 1#1: worker process 30 exited with code 0
2024/01/30 09:48:50 [notice] 1#1: signal 29 (SIGIO) received
2024/01/30 09:48:50 [notice] 1#1: signal 17 (SIGCHLD) received from 29
2024/01/30 09:48:50 [notice] 1#1: worker process 29 exited with code 0
2024/01/30 09:48:50 [notice] 1#1: exit
2024/01/30 09:49:07 [notice] 1#1: using the "epoll" event method
2024/01/30 09:49:07 [notice] 1#1: nginx/1.25.3
2024/01/30 09:49:07 [notice] 1#1: built by gcc 12.2.1 20220924 (Alpine 12.2.1_git20220924-r10) 
2024/01/30 09:49:07 [notice] 1#1: OS: Linux 4.18.0-513.11.1.el8_9.x86_64
2024/01/30 09:49:07 [notice] 1#1: getrlimit(RLIMIT_NOFILE): 1048576:1048576
2024/01/30 09:49:07 [notice] 1#1: start worker processes
2024/01/30 09:49:07 [notice] 1#1: start worker process 29
2024/01/30 09:49:07 [notice] 1#1: start worker process 30
2024/01/30 09:50:11 [notice] 1#1: signal 3 (SIGQUIT) received, shutting down
2024/01/30 09:50:11 [notice] 30#30: gracefully shutting down
2024/01/30 09:50:11 [notice] 30#30: exiting
2024/01/30 09:50:11 [notice] 30#30: exit
2024/01/30 09:50:11 [notice] 29#29: gracefully shutting down
2024/01/30 09:50:11 [notice] 29#29: exiting
2024/01/30 09:50:11 [notice] 29#29: exit
2024/01/30 09:50:11 [notice] 1#1: signal 17 (SIGCHLD) received from 30
2024/01/30 09:50:11 [notice] 1#1: worker process 30 exited with code 0
2024/01/30 09:50:11 [notice] 1#1: signal 29 (SIGIO) received
2024/01/30 09:50:11 [notice] 1#1: signal 17 (SIGCHLD) received from 29
2024/01/30 09:50:11 [notice] 1#1: worker process 29 exited with code 0
2024/01/30 09:50:11 [notice] 1#1: exit
2024/01/30 09:51:15 [notice] 1#1: using the "epoll" event method
2024/01/30 09:51:15 [notice] 1#1: nginx/1.25.3
2024/01/30 09:51:15 [notice] 1#1: built by gcc 12.2.1 20220924 (Alpine 12.2.1_git20220924-r10) 
2024/01/30 09:51:15 [notice] 1#1: OS: Linux 4.18.0-513.11.1.el8_9.x86_64
2024/01/30 09:51:15 [notice] 1#1: getrlimit(RLIMIT_NOFILE): 1048576:1048576
2024/01/30 09:51:15 [notice] 1#1: start worker processes
2024/01/30 09:51:15 [notice] 1#1: start worker process 29
2024/01/30 09:51:15 [notice] 1#1: start worker process 30
2024/01/30 09:56:46 [notice] 1#1: signal 3 (SIGQUIT) received, shutting down
2024/01/30 09:56:46 [notice] 30#30: gracefully shutting down
2024/01/30 09:56:46 [notice] 29#29: gracefully shutting down
2024/01/30 09:56:46 [notice] 30#30: exiting
2024/01/30 09:56:46 [notice] 29#29: exiting
2024/01/30 09:56:46 [notice] 30#30: exit
2024/01/30 09:56:46 [notice] 29#29: exit
2024/01/30 09:56:46 [notice] 1#1: signal 17 (SIGCHLD) received from 30
2024/01/30 09:56:46 [notice] 1#1: worker process 30 exited with code 0
2024/01/30 09:56:46 [notice] 1#1: signal 29 (SIGIO) received
2024/01/30 09:56:46 [notice] 1#1: signal 17 (SIGCHLD) received from 29
2024/01/30 09:56:46 [notice] 1#1: worker process 29 exited with code 0
2024/01/30 09:56:46 [notice] 1#1: exit
2024/01/30 09:59:24 [notice] 1#1: using the "epoll" event method
2024/01/30 09:59:24 [notice] 1#1: nginx/1.25.3
2024/01/30 09:59:24 [notice] 1#1: built by gcc 12.2.1 20220924 (Alpine 12.2.1_git20220924-r10) 
2024/01/30 09:59:24 [notice] 1#1: OS: Linux 4.18.0-513.11.1.el8_9.x86_64
2024/01/30 09:59:24 [notice] 1#1: getrlimit(RLIMIT_NOFILE): 1048576:1048576
2024/01/30 09:59:24 [notice] 1#1: start worker processes
2024/01/30 09:59:24 [notice] 1#1: start worker process 29
2024/01/30 09:59:24 [notice] 1#1: start worker process 30
2024/01/30 09:59:41 [error] 29#29: *1 "/var/www/html/index.php" is not found (2: No such file or directory), client: 172.16.10.2, server: , request: "GET / HTTP/1.1", host: "portfolio.gamosaurus.fr"
2024/01/30 10:00:05 [notice] 1#1: signal 3 (SIGQUIT) received, shutting down
2024/01/30 10:00:05 [notice] 29#29: gracefully shutting down
2024/01/30 10:00:05 [notice] 29#29: exiting
2024/01/30 10:00:05 [notice] 29#29: exit
2024/01/30 10:00:05 [notice] 30#30: gracefully shutting down
2024/01/30 10:00:05 [notice] 30#30: exiting
2024/01/30 10:00:05 [notice] 30#30: exit
2024/01/30 10:00:05 [notice] 1#1: signal 17 (SIGCHLD) received from 29
2024/01/30 10:00:05 [notice] 1#1: worker process 29 exited with code 0
2024/01/30 10:00:05 [notice] 1#1: worker process 30 exited with code 0
2024/01/30 10:00:05 [notice] 1#1: exit
2024/01/30 10:00:53 [notice] 1#1: using the "epoll" event method
2024/01/30 10:00:53 [notice] 1#1: nginx/1.25.3
2024/01/30 10:00:53 [notice] 1#1: built by gcc 12.2.1 20220924 (Alpine 12.2.1_git20220924-r10) 
2024/01/30 10:00:53 [notice] 1#1: OS: Linux 4.18.0-513.11.1.el8_9.x86_64
2024/01/30 10:00:53 [notice] 1#1: getrlimit(RLIMIT_NOFILE): 1048576:1048576
2024/01/30 10:00:53 [notice] 1#1: start worker processes
2024/01/30 10:00:53 [notice] 1#1: start worker process 28
2024/01/30 10:00:53 [notice] 1#1: start worker process 29
2024/01/30 10:01:28 [notice] 1#1: signal 3 (SIGQUIT) received, shutting down
2024/01/30 10:01:28 [notice] 29#29: gracefully shutting down
2024/01/30 10:01:28 [notice] 28#28: gracefully shutting down
2024/01/30 10:01:28 [notice] 29#29: exiting
2024/01/30 10:01:28 [notice] 29#29: exit
2024/01/30 10:01:28 [notice] 28#28: exiting
2024/01/30 10:01:28 [notice] 28#28: exit
2024/01/30 10:01:29 [notice] 1#1: signal 17 (SIGCHLD) received from 28
2024/01/30 10:01:29 [notice] 1#1: worker process 28 exited with code 0
2024/01/30 10:01:29 [notice] 1#1: signal 29 (SIGIO) received
2024/01/30 10:01:29 [notice] 1#1: signal 17 (SIGCHLD) received from 29
2024/01/30 10:01:29 [notice] 1#1: worker process 29 exited with code 0
2024/01/30 10:01:29 [notice] 1#1: exit
2024/01/30 10:01:29 [notice] 1#1: using the "epoll" event method
2024/01/30 10:01:29 [notice] 1#1: nginx/1.25.3
2024/01/30 10:01:29 [notice] 1#1: built by gcc 12.2.1 20220924 (Alpine 12.2.1_git20220924-r10) 
2024/01/30 10:01:29 [notice] 1#1: OS: Linux 4.18.0-513.11.1.el8_9.x86_64
2024/01/30 10:01:29 [notice] 1#1: getrlimit(RLIMIT_NOFILE): 1048576:1048576
2024/01/30 10:01:29 [notice] 1#1: start worker processes
2024/01/30 10:01:29 [notice] 1#1: start worker process 28
2024/01/30 10:01:29 [notice] 1#1: start worker process 29
2024/01/30 10:02:13 [notice] 1#1: signal 3 (SIGQUIT) received, shutting down
2024/01/30 10:02:13 [notice] 28#28: gracefully shutting down
2024/01/30 10:02:13 [notice] 28#28: exiting
2024/01/30 10:02:13 [notice] 28#28: exit
2024/01/30 10:02:13 [notice] 29#29: gracefully shutting down
2024/01/30 10:02:13 [notice] 29#29: exiting
2024/01/30 10:02:13 [notice] 29#29: exit
2024/01/30 10:02:13 [notice] 1#1: signal 17 (SIGCHLD) received from 29
2024/01/30 10:02:13 [notice] 1#1: worker process 29 exited with code 0
2024/01/30 10:02:13 [notice] 1#1: signal 29 (SIGIO) received
2024/01/30 10:02:13 [notice] 1#1: signal 17 (SIGCHLD) received from 28
2024/01/30 10:02:13 [notice] 1#1: worker process 28 exited with code 0
2024/01/30 10:02:13 [notice] 1#1: exit
